Wed, 16 Nov 2016 15:35:43 db.py[line:43] INFO [ + ] init engine <0x7f5c3fd283d0> ok.
Wed, 16 Nov 2016 15:37:37 db.py[line:43] INFO [ + ] init engine <0x7fdc8ce2e390> ok.
Wed, 16 Nov 2016 15:52:23 db.py[line:134] INFO [Transaction] begin transaction..
Wed, 16 Nov 2016 15:52:44 db.py[line:164] WARNING [ + ] rollback transaction...
Wed, 16 Nov 2016 15:52:48 db.py[line:134] INFO [Transaction] begin transaction..
Wed, 16 Nov 2016 15:52:48 db.py[line:134] INFO [Transaction] begin transaction..
Wed, 16 Nov 2016 15:52:48 db.py[line:153] INFO [ + ] commit transaction...
Wed, 16 Nov 2016 15:52:48 db.py[line:158] WARNING [ - ] commit failed, try rollback...
Wed, 16 Nov 2016 15:54:09 db.py[line:134] INFO [Transaction] begin transaction..
Wed, 16 Nov 2016 15:57:46 db.py[line:43] INFO [ + ] init engine <0x7f2769158590> ok.
Wed, 16 Nov 2016 15:58:25 db.py[line:134] INFO [Transaction] begin transaction..
Wed, 16 Nov 2016 15:58:57 db.py[line:164] WARNING [ + ] rollback transaction...
Wed, 16 Nov 2016 15:59:24 db.py[line:43] INFO [ + ] init engine <0x7ff8945a2e50> ok.
Wed, 16 Nov 2016 16:02:16 db.py[line:43] INFO [ + ] init engine <0x7f53dc574650> ok.
Wed, 16 Nov 2016 16:02:26 db.py[line:134] INFO [Transaction] begin transaction..
Wed, 16 Nov 2016 16:02:32 db.py[line:134] INFO join current transaction...
Wed, 16 Nov 2016 16:03:28 db.py[line:153] INFO [ + ] commit transaction...
Wed, 16 Nov 2016 16:03:28 db.py[line:158] WARNING [ - ] commit failed, try rollback...
Wed, 16 Nov 2016 16:06:48 db.py[line:43] INFO [ + ] init engine <0x7f1e544e8690> ok.
Wed, 16 Nov 2016 16:06:50 db.py[line:134] INFO [Transaction] begin transaction..
Wed, 16 Nov 2016 16:06:51 db.py[line:134] INFO join current transaction...
Wed, 16 Nov 2016 16:07:46 db.py[line:153] INFO [ + ] commit transaction...
Wed, 16 Nov 2016 16:09:12 db.py[line:155] WARNING [ - ] commit failed, try rollback...
Wed, 16 Nov 2016 16:09:20 db.py[line:43] INFO [ + ] init engine <0x7fe975301690> ok.
Wed, 16 Nov 2016 16:09:22 db.py[line:136] INFO [Transaction] begin transaction..
Wed, 16 Nov 2016 16:09:25 db.py[line:136] INFO join current transaction...
Wed, 16 Nov 2016 16:09:26 db.py[line:155] INFO [ + ] commit transaction...
Wed, 16 Nov 2016 16:09:26 db.py[line:158] INFO [ + ] transaction ok
Thu, 17 Nov 2016 15:06:43 db.py[line:62] INFO [ + ] init engine <0x7ff055272e90> ok.
Thu, 17 Nov 2016 15:11:00 db.py[line:62] INFO [ + ] init engine <0x7fa5e190cf10> ok.
